<?xml version="1.0" encoding="UTF-8"?>
<testsuite name="TodoTest" tests="2" skipped="0" failures="0" errors="0" timestamp="2017-04-27T00:59:26" hostname="MacBook-Pro" time="1.468">
  <properties/>
  <testcase name="test_todo_has_tasks" classname="TodoTest" time="1.365"/>
  <testcase name="test" classname="TodoTest" time="0.103"/>
  <system-out><![CDATA[Hibernate: 
    select
        todo0_.id as id1_0_0_,
        todo0_.complete_date as complete2_0_0_,
        todo0_.completed as complete3_0_0_,
        todo0_.created_at as created_4_0_0_,
        todo0_.description as descript5_0_0_,
        todo0_.due_date as due_date6_0_0_,
        todo0_.task as task7_0_0_,
        todo0_.updated_at as updated_8_0_0_,
        todo0_.user_id as user_id9_0_0_,
        user1_.id as id1_1_1_,
        user1_.email as email2_1_1_,
        user1_.password as password3_1_1_ 
    from
        Todo todo0_ 
    left outer join
        User user1_ 
            on todo0_.user_id=user1_.id 
    where
        todo0_.id=?
Hibernate: 
    select
        todo0_.id as id1_0_0_,
        todo0_.complete_date as complete2_0_0_,
        todo0_.completed as complete3_0_0_,
        todo0_.created_at as created_4_0_0_,
        todo0_.description as descript5_0_0_,
        todo0_.due_date as due_date6_0_0_,
        todo0_.task as task7_0_0_,
        todo0_.updated_at as updated_8_0_0_,
        todo0_.user_id as user_id9_0_0_,
        user1_.id as id1_1_1_,
        user1_.email as email2_1_1_,
        user1_.password as password3_1_1_ 
    from
        Todo todo0_ 
    left outer join
        User user1_ 
            on todo0_.user_id=user1_.id 
    where
        todo0_.id=?
]]></system-out>
  <system-err><![CDATA[log4j:WARN No appenders could be found for logger (org.jboss.logging).
log4j:WARN Please initialize the log4j system properly.
log4j:WARN See http://logging.apache.org/log4j/1.2/faq.html#noconfig for more info.
]]></system-err>
</testsuite>
