<?xml version="1.0" encoding="UTF-8"?>
<testsuite name="UserTest" tests="2" skipped="0" failures="0" errors="0" timestamp="2017-04-27T00:48:14" hostname="MacBook-Pro" time="1.502">
  <properties/>
  <testcase name="test_todo_has_email" classname="UserTest" time="1.419"/>
  <testcase name="test" classname="UserTest" time="0.083"/>
  <system-out><![CDATA[Hibernate: 
    select
        user0_.id as id1_1_0_,
        user0_.email as email2_1_0_,
        user0_.password as password3_1_0_ 
    from
        User user0_ 
    where
        user0_.id=?
Hibernate: 
    select
        user0_.id as id1_1_0_,
        user0_.email as email2_1_0_,
        user0_.password as password3_1_0_ 
    from
        User user0_ 
    where
        user0_.id=?
]]></system-out>
  <system-err><![CDATA[log4j:WARN No appenders could be found for logger (org.jboss.logging).
log4j:WARN Please initialize the log4j system properly.
log4j:WARN See http://logging.apache.org/log4j/1.2/faq.html#noconfig for more info.
]]></system-err>
</testsuite>
